2023-11-09 12:01:03 [INFO] Question: what is the average OEE of CSD Department ?
2023-11-09 12:01:04 [INFO] Running PandasAI with openai LLM...
2023-11-09 12:01:04 [INFO] Prompt ID: f28cc351-0264-4377-88ad-a95d50995393
2023-11-09 12:01:04 [INFO] Using prompt: You are provided with the following pandas DataFrames:

<dataframe>
Dataframe dfs[0], with 28 rows and 23 columns.
This is the metadata of the dataframe dfs[0]:
Unnamed: 0,Unnamed: 1,Unnamed: 2,Unnamed: 3,Unnamed: 4,Unnamed: 5,Unnamed: 6,Unnamed: 7,Unnamed: 8,Unnamed: 9,Unnamed: 10,Unnamed: 11,Unnamed: 12,Unnamed: 13,Unnamed: 14,Unnamed: 15,Unnamed: 16,Unnamed: 17,Unnamed: 18,Unnamed: 19,Unnamed: 20,Unnamed: 21,Unnamed: 22
,Plant,Department,Machine,Parts Produced,Runtime (mins),Downtime (mins),Availablity (%),Performance (%),Quality (%),OEE (%),Norms,Not Defined,Minor Stoppages,Setup Loss,Tools Replacement,Maintenanace,Management Loss,Internal Logistics Loss,Quality Rework,Consumable Loss,No Plan,Others
,Plant 1,Coil Shop,Hair Pin Bender,360843,50021.8407666666,47526.0205833333,61,85,99,49,46,34430.4967833333,7745.84301666666,6178.6411,76.8177333333333,2902.2979,636.446483333333,0,537.045033333333,33.2854666666667,14635.3501666667,2730.99008333333
,Plant 1,Coil Shop,Fin Press 1,10429360,57756.1338333333,44067.8156,66,82,100,59,100,19932.233,8402.32883333334,11580.9854333333,116.158583333333,10444.7566666667,757.5427,11.95945,30.2406,0,20492.6702,1193.93916666667
</dataframe>

<conversation>
User: what is the average OEE of CSD Department ?
</conversation>

This is the initial python function. Do not change the params. Given the context, use the right dataframes.
```python
# TODO import all the dependencies required
import pandas as pd

def analyze_data(dfs: list[pd.DataFrame]) -> dict:
    """
    Analyze the data, using the provided dataframes (`dfs`).
    1. Prepare: Preprocessing and cleaning data if necessary
    2. Process: Manipulating data for analysis (grouping, filtering, aggregating, etc.)
    3. Analyze: Conducting the actual analysis (if the user asks to plot a chart you must save it as an image in temp_chart.png and not show the chart.)
    If the user requests to create a chart, utilize the Python matplotlib library to generate high-quality graphics that will be saved directly to a file.
    At the end, return a dictionary of:
    - type (possible values "string", "number", "dataframe", "plot")
    - value (can be a string, a dataframe or the path of the plot, NOT a dictionary)
    Examples: 
        { "type": "string", "value": f"The highest salary is {highest_salary}." }
        or
        { "type": "number", "value": 125 }
        or
        { "type": "dataframe", "value": pd.DataFrame({...}) }
        or
        { "type": "plot", "value": "temp_chart.png" }
    """
```

Take a deep breath and reason step-by-step. Act as a senior data analyst.
In the answer, you must never write the "technical" names of the tables.
Based on the last message in the conversation:
- return the updated analyze_data function wrapped within ```python ```
2023-11-09 12:02:10 [INFO] Code generated:
```
# TODO import all the dependencies required
import pandas as pd

def analyze_data(dfs: list[pd.DataFrame]) -> dict:
    """
    Analyze the data, using the provided dataframes (`dfs`).
    1. Prepare: Preprocessing and cleaning data if necessary
    2. Process: Manipulating data for analysis (grouping, filtering, aggregating, etc.)
    3. Analyze: Conducting the actual analysis (if the user asks to plot a chart you must save it as an image in temp_chart.png and not show the chart.)
    If the user requests to create a chart, utilize the Python matplotlib library to generate high-quality graphics that will be saved directly to a file.
    At the end, return a dictionary of:
    - type (possible values "string", "number", "dataframe", "plot")
    - value (can be a string, a dataframe or the path of the plot, NOT a dictionary)
    Examples: 
        { "type": "string", "value": f"The highest salary is {highest_salary}." }
        or
        { "type": "number", "value": 125 }
        or
        { "type": "dataframe", "value": pd.DataFrame({...}) }
        or
        { "type": "plot", "value": "temp_chart.png" }
    """
    # Prepare: Preprocessing and cleaning data if necessary
    df = dfs[0]  # Get the first dataframe from the list
    
    # Process: Manipulating data for analysis
    csd_df = df[df['Department'] == 'CSD']  # Filter rows where Department is 'CSD'
    average_oee = csd_df['OEE (%)'].mean()  # Calculate the average OEE
    
    # Analyze: Conducting the actual analysis
    result = {
        "type": "number",
        "value": average_oee
    }
    
    return result
```

2023-11-09 12:02:10 [INFO] Saving charts to C:\Users\Ameer\pandas\maxbyte\interns\sieola\temp_chart.png
2023-11-09 12:02:10 [INFO] 
Code running:
```
def analyze_data(dfs: list[pd.DataFrame]) ->dict:
    """
    Analyze the data, using the provided dataframes (`dfs`).
    1. Prepare: Preprocessing and cleaning data if necessary
    2. Process: Manipulating data for analysis (grouping, filtering, aggregating, etc.)
    3. Analyze: Conducting the actual analysis (if the user asks to plot a chart you must save it as an image in C:/Users/Ameer/pandas/maxbyte/interns/sieola/temp_chart.png and not show the chart.)
    If the user requests to create a chart, utilize the Python matplotlib library to generate high-quality graphics that will be saved directly to a file.
    At the end, return a dictionary of:
    - type (possible values "string", "number", "dataframe", "plot")
    - value (can be a string, a dataframe or the path of the plot, NOT a dictionary)
    Examples: 
        { "type": "string", "value": f"The highest salary is {highest_salary}." }
        or
        { "type": "number", "value": 125 }
        or
        { "type": "dataframe", "value": pd.DataFrame({...}) }
        or
        { "type": "plot", "value": "C:/Users/Ameer/pandas/maxbyte/interns/sieola/temp_chart.png" }
    """
    df = dfs[0]
    csd_df = df[df['Department'] == 'CSD']
    average_oee = csd_df['OEE (%)'].mean()
    result = {'type': 'number', 'value': average_oee}
    return result
        ```
2023-11-09 12:02:10 [WARNING] Error of executing code
2023-11-09 12:02:10 [WARNING] Failed to execute code with a correction framework [retry number: 1]
2023-11-09 12:02:10 [ERROR] Failed with error: Traceback (most recent call last):
  File "C:\Users\Ameer\anaconda3\lib\site-packages\pandas\core\indexes\base.py", line 3802, in get_loc
    return self._engine.get_loc(casted_key)
  File "pandas\_libs\index.pyx", line 138, in pandas._libs.index.IndexEngine.get_loc
  File "pandas\_libs\index.pyx", line 165, in pandas._libs.index.IndexEngine.get_loc
  File "pandas\_libs\hashtable_class_helper.pxi", line 5745, in pandas._libs.hashtable.PyObjectHashTable.get_item
  File "pandas\_libs\hashtable_class_helper.pxi", line 5753, in pandas._libs.hashtable.PyObjectHashTable.get_item
KeyError: 'Department'

The above exception was the direct cause of the following exception:

Traceback (most recent call last):
  File "C:\Users\Ameer\anaconda3\lib\site-packages\pandasai\smart_datalake\__init__.py", line 438, in chat
    result = self._code_manager.execute_code(
  File "C:\Users\Ameer\anaconda3\lib\site-packages\pandasai\helpers\code_manager.py", line 286, in execute_code
    return analyze_data(self._get_originals(dfs))
  File "<string>", line 21, in analyze_data
  File "C:\Users\Ameer\anaconda3\lib\site-packages\pandas\core\frame.py", line 3807, in __getitem__
    indexer = self.columns.get_loc(key)
  File "C:\Users\Ameer\anaconda3\lib\site-packages\pandas\core\indexes\base.py", line 3804, in get_loc
    raise KeyError(key) from err
KeyError: 'Department'
. Retrying
2023-11-09 12:02:10 [INFO] Using prompt: 
You are provided with the following pandas DataFrames with the following metadata:

<dataframe>
Dataframe dfs[0], with 28 rows and 23 columns.
This is the metadata of the dataframe dfs[0]:
Unnamed: 0,Unnamed: 1,Unnamed: 2,Unnamed: 3,Unnamed: 4,Unnamed: 5,Unnamed: 6,Unnamed: 7,Unnamed: 8,Unnamed: 9,Unnamed: 10,Unnamed: 11,Unnamed: 12,Unnamed: 13,Unnamed: 14,Unnamed: 15,Unnamed: 16,Unnamed: 17,Unnamed: 18,Unnamed: 19,Unnamed: 20,Unnamed: 21,Unnamed: 22
,Plant,Department,Machine,Parts Produced,Runtime (mins),Downtime (mins),Availablity (%),Performance (%),Quality (%),OEE (%),Norms,Not Defined,Minor Stoppages,Setup Loss,Tools Replacement,Maintenanace,Management Loss,Internal Logistics Loss,Quality Rework,Consumable Loss,No Plan,Others
,Plant 1,Coil Shop,Hair Pin Bender,360843,50021.8407666666,47526.0205833333,61,85,99,49,46,34430.4967833333,7745.84301666666,6178.6411,76.8177333333333,2902.2979,636.446483333333,0,537.045033333333,33.2854666666667,14635.3501666667,2730.99008333333
,Plant 1,Coil Shop,Fin Press 1,10429360,57756.1338333333,44067.8156,66,82,100,59,100,19932.233,8402.32883333334,11580.9854333333,116.158583333333,10444.7566666667,757.5427,11.95945,30.2406,0,20492.6702,1193.93916666667
</dataframe>

The user asked the following question:
User: what is the average OEE of CSD Department ?

You generated this python code:
# TODO import all the dependencies required
import pandas as pd

def analyze_data(dfs: list[pd.DataFrame]) -> dict:
    """
    Analyze the data, using the provided dataframes (`dfs`).
    1. Prepare: Preprocessing and cleaning data if necessary
    2. Process: Manipulating data for analysis (grouping, filtering, aggregating, etc.)
    3. Analyze: Conducting the actual analysis (if the user asks to plot a chart you must save it as an image in temp_chart.png and not show the chart.)
    If the user requests to create a chart, utilize the Python matplotlib library to generate high-quality graphics that will be saved directly to a file.
    At the end, return a dictionary of:
    - type (possible values "string", "number", "dataframe", "plot")
    - value (can be a string, a dataframe or the path of the plot, NOT a dictionary)
    Examples: 
        { "type": "string", "value": f"The highest salary is {highest_salary}." }
        or
        { "type": "number", "value": 125 }
        or
        { "type": "dataframe", "value": pd.DataFrame({...}) }
        or
        { "type": "plot", "value": "temp_chart.png" }
    """
    # Prepare: Preprocessing and cleaning data if necessary
    df = dfs[0]  # Get the first dataframe from the list
    
    # Process: Manipulating data for analysis
    csd_df = df[df['Department'] == 'CSD']  # Filter rows where Department is 'CSD'
    average_oee = csd_df['OEE (%)'].mean()  # Calculate the average OEE
    
    # Analyze: Conducting the actual analysis
    result = {
        "type": "number",
        "value": average_oee
    }
    
    return result

It fails with the following error:
Traceback (most recent call last):
  File "C:\Users\Ameer\anaconda3\lib\site-packages\pandas\core\indexes\base.py", line 3802, in get_loc
    return self._engine.get_loc(casted_key)
  File "pandas\_libs\index.pyx", line 138, in pandas._libs.index.IndexEngine.get_loc
  File "pandas\_libs\index.pyx", line 165, in pandas._libs.index.IndexEngine.get_loc
  File "pandas\_libs\hashtable_class_helper.pxi", line 5745, in pandas._libs.hashtable.PyObjectHashTable.get_item
  File "pandas\_libs\hashtable_class_helper.pxi", line 5753, in pandas._libs.hashtable.PyObjectHashTable.get_item
KeyError: 'Department'

The above exception was the direct cause of the following exception:

Traceback (most recent call last):
  File "C:\Users\Ameer\anaconda3\lib\site-packages\pandasai\smart_datalake\__init__.py", line 438, in chat
    result = self._code_manager.execute_code(
  File "C:\Users\Ameer\anaconda3\lib\site-packages\pandasai\helpers\code_manager.py", line 286, in execute_code
    return analyze_data(self._get_originals(dfs))
  File "<string>", line 21, in analyze_data
  File "C:\Users\Ameer\anaconda3\lib\site-packages\pandas\core\frame.py", line 3807, in __getitem__
    indexer = self.columns.get_loc(key)
  File "C:\Users\Ameer\anaconda3\lib\site-packages\pandas\core\indexes\base.py", line 3804, in get_loc
    raise KeyError(key) from err
KeyError: 'Department'


Correct the python code and return a new python code that fixes the above mentioned error. Do not generate the same code again.

2023-11-09 12:03:28 [INFO] Saving charts to C:\Users\Ameer\pandas\maxbyte\interns\sieola\temp_chart.png
2023-11-09 12:03:28 [INFO] 
Code running:
```
def analyze_data(dfs: list[pd.DataFrame]) ->dict:
    """
    Analyze the data, using the provided dataframes (`dfs`).
    1. Prepare: Preprocessing and cleaning data if necessary
    2. Process: Manipulating data for analysis (grouping, filtering, aggregating, etc.)
    3. Analyze: Conducting the actual analysis (if the user asks to plot a chart you must save it as an image in C:/Users/Ameer/pandas/maxbyte/interns/sieola/temp_chart.png and not show the chart.)
    If the user requests to create a chart, utilize the Python matplotlib library to generate high-quality graphics that will be saved directly to a file.
    At the end, return a dictionary of:
    - type (possible values "string", "number", "dataframe", "plot")
    - value (can be a string, a dataframe or the path of the plot, NOT a dictionary)
    Examples: 
        { "type": "string", "value": f"The highest salary is {highest_salary}." }
        or
        { "type": "number", "value": 125 }
        or
        { "type": "dataframe", "value": pd.DataFrame({...}) }
        or
        { "type": "plot", "value": "C:/Users/Ameer/pandas/maxbyte/interns/sieola/temp_chart.png" }
    """
    df = dfs[0]
    df.columns = df.iloc[0]
    df = df[1:]
    csd_df = df[df['Department'] == 'CSD']
    average_oee = csd_df['OEE (%)'].mean()
    result = {'type': 'number', 'value': average_oee}
    return result
        ```
2023-11-09 12:03:28 [WARNING] Error of executing code
2023-11-09 12:03:28 [INFO] Answer: {'type': 'number', 'value': 92.375}
2023-11-09 12:03:28 [INFO] Executed in: 145.21218729019165s
2023-11-09 12:07:17 [INFO] Question: what is the Average runtime (mins) of Assembly Line ?
2023-11-09 12:07:17 [INFO] Running PandasAI with openai LLM...
2023-11-09 12:07:17 [INFO] Prompt ID: b89365ce-474c-4b4a-98f1-1ccbc29e9ad0
2023-11-09 12:07:18 [INFO] Using prompt: You are provided with the following pandas DataFrames:

<dataframe>
Dataframe dfs[0], with 28 rows and 23 columns.
This is the metadata of the dataframe dfs[0]:
Unnamed: 0,Unnamed: 1,Unnamed: 2,Unnamed: 3,Unnamed: 4,Unnamed: 5,Unnamed: 6,Unnamed: 7,Unnamed: 8,Unnamed: 9,Unnamed: 10,Unnamed: 11,Unnamed: 12,Unnamed: 13,Unnamed: 14,Unnamed: 15,Unnamed: 16,Unnamed: 17,Unnamed: 18,Unnamed: 19,Unnamed: 20,Unnamed: 21,Unnamed: 22
,Plant,Department,Machine,Parts Produced,Runtime (mins),Downtime (mins),Availablity (%),Performance (%),Quality (%),OEE (%),Norms,Not Defined,Minor Stoppages,Setup Loss,Tools Replacement,Maintenanace,Management Loss,Internal Logistics Loss,Quality Rework,Consumable Loss,No Plan,Others
,Plant 1,Coil Shop,Hair Pin Bender,360843,50021.8407666666,47526.0205833333,61,85,99,49,46,34430.4967833333,7745.84301666666,6178.6411,76.8177333333333,2902.2979,636.446483333333,0,537.045033333333,33.2854666666667,14635.3501666667,2730.99008333333
,Plant 1,Coil Shop,Fin Press 1,10429360,57756.1338333333,44067.8156,66,82,100,59,100,19932.233,8402.32883333334,11580.9854333333,116.158583333333,10444.7566666667,757.5427,11.95945,30.2406,0,20492.6702,1193.93916666667
</dataframe>

<conversation>
User: what is the Average runtime (mins) of Assembly Line ?
</conversation>

This is the initial python function. Do not change the params. Given the context, use the right dataframes.
```python
# TODO import all the dependencies required
import pandas as pd

def analyze_data(dfs: list[pd.DataFrame]) -> dict:
    """
    Analyze the data, using the provided dataframes (`dfs`).
    1. Prepare: Preprocessing and cleaning data if necessary
    2. Process: Manipulating data for analysis (grouping, filtering, aggregating, etc.)
    3. Analyze: Conducting the actual analysis (if the user asks to plot a chart you must save it as an image in temp_chart.png and not show the chart.)
    If the user requests to create a chart, utilize the Python matplotlib library to generate high-quality graphics that will be saved directly to a file.
    At the end, return a dictionary of:
    - type (possible values "string", "number", "dataframe", "plot")
    - value (can be a string, a dataframe or the path of the plot, NOT a dictionary)
    Examples: 
        { "type": "string", "value": f"The highest salary is {highest_salary}." }
        or
        { "type": "number", "value": 125 }
        or
        { "type": "dataframe", "value": pd.DataFrame({...}) }
        or
        { "type": "plot", "value": "temp_chart.png" }
    """
```

Take a deep breath and reason step-by-step. Act as a senior data analyst.
In the answer, you must never write the "technical" names of the tables.
Based on the last message in the conversation:
- return the updated analyze_data function wrapped within ```python ```
2023-11-09 12:08:21 [INFO] Code generated:
```
# TODO import all the dependencies required
import pandas as pd

def analyze_data(dfs: list[pd.DataFrame]) -> dict:
    """
    Analyze the data, using the provided dataframes (`dfs`).
    1. Prepare: Preprocessing and cleaning data if necessary
    2. Process: Manipulating data for analysis (grouping, filtering, aggregating, etc.)
    3. Analyze: Conducting the actual analysis (if the user asks to plot a chart you must save it as an image in temp_chart.png and not show the chart.)
    If the user requests to create a chart, utilize the Python matplotlib library to generate high-quality graphics that will be saved directly to a file.
    At the end, return a dictionary of:
    - type (possible values "string", "number", "dataframe", "plot")
    - value (can be a string, a dataframe or the path of the plot, NOT a dictionary)
    Examples: 
        { "type": "string", "value": f"The highest salary is {highest_salary}." }
        or
        { "type": "number", "value": 125 }
        or
        { "type": "dataframe", "value": pd.DataFrame({...}) }
        or
        { "type": "plot", "value": "temp_chart.png" }
    """
    
    # Extract the relevant dataframe from the list of dataframes
    df = dfs[0]
    
    # Calculate the average runtime of Assembly Line
    avg_runtime = df[df['Department'] == 'Assembly Line']['Runtime (mins)'].mean()
    
    # Return the result as a string
    result = f"The average runtime of Assembly Line is {avg_runtime:.2f} minutes."
    return {"type": "string", "value": result}
```

2023-11-09 12:08:21 [INFO] Saving charts to C:\Users\Ameer\pandas\maxbyte\interns\sieola\temp_chart.png
2023-11-09 12:08:21 [INFO] 
Code running:
```
def analyze_data(dfs: list[pd.DataFrame]) ->dict:
    """
    Analyze the data, using the provided dataframes (`dfs`).
    1. Prepare: Preprocessing and cleaning data if necessary
    2. Process: Manipulating data for analysis (grouping, filtering, aggregating, etc.)
    3. Analyze: Conducting the actual analysis (if the user asks to plot a chart you must save it as an image in C:/Users/Ameer/pandas/maxbyte/interns/sieola/temp_chart.png and not show the chart.)
    If the user requests to create a chart, utilize the Python matplotlib library to generate high-quality graphics that will be saved directly to a file.
    At the end, return a dictionary of:
    - type (possible values "string", "number", "dataframe", "plot")
    - value (can be a string, a dataframe or the path of the plot, NOT a dictionary)
    Examples: 
        { "type": "string", "value": f"The highest salary is {highest_salary}." }
        or
        { "type": "number", "value": 125 }
        or
        { "type": "dataframe", "value": pd.DataFrame({...}) }
        or
        { "type": "plot", "value": "C:/Users/Ameer/pandas/maxbyte/interns/sieola/temp_chart.png" }
    """
    df = dfs[0]
    avg_runtime = df[df['Department'] == 'Assembly Line']['Runtime (mins)'].mean()
    result = f'The average runtime of Assembly Line is {avg_runtime:.2f} minutes.'
    return {'type': 'string', 'value': result}
        ```
2023-11-09 12:08:21 [WARNING] Error of executing code
2023-11-09 12:08:21 [WARNING] Failed to execute code with a correction framework [retry number: 1]
2023-11-09 12:08:21 [ERROR] Failed with error: Traceback (most recent call last):
  File "C:\Users\Ameer\anaconda3\lib\site-packages\pandas\core\indexes\base.py", line 3802, in get_loc
    return self._engine.get_loc(casted_key)
  File "pandas\_libs\index.pyx", line 138, in pandas._libs.index.IndexEngine.get_loc
  File "pandas\_libs\index.pyx", line 165, in pandas._libs.index.IndexEngine.get_loc
  File "pandas\_libs\hashtable_class_helper.pxi", line 5745, in pandas._libs.hashtable.PyObjectHashTable.get_item
  File "pandas\_libs\hashtable_class_helper.pxi", line 5753, in pandas._libs.hashtable.PyObjectHashTable.get_item
KeyError: 'Department'

The above exception was the direct cause of the following exception:

Traceback (most recent call last):
  File "C:\Users\Ameer\anaconda3\lib\site-packages\pandasai\smart_datalake\__init__.py", line 438, in chat
    result = self._code_manager.execute_code(
  File "C:\Users\Ameer\anaconda3\lib\site-packages\pandasai\helpers\code_manager.py", line 286, in execute_code
    return analyze_data(self._get_originals(dfs))
  File "<string>", line 21, in analyze_data
  File "C:\Users\Ameer\anaconda3\lib\site-packages\pandas\core\frame.py", line 3807, in __getitem__
    indexer = self.columns.get_loc(key)
  File "C:\Users\Ameer\anaconda3\lib\site-packages\pandas\core\indexes\base.py", line 3804, in get_loc
    raise KeyError(key) from err
KeyError: 'Department'
. Retrying
2023-11-09 12:08:21 [INFO] Using prompt: 
You are provided with the following pandas DataFrames with the following metadata:

<dataframe>
Dataframe dfs[0], with 28 rows and 23 columns.
This is the metadata of the dataframe dfs[0]:
Unnamed: 0,Unnamed: 1,Unnamed: 2,Unnamed: 3,Unnamed: 4,Unnamed: 5,Unnamed: 6,Unnamed: 7,Unnamed: 8,Unnamed: 9,Unnamed: 10,Unnamed: 11,Unnamed: 12,Unnamed: 13,Unnamed: 14,Unnamed: 15,Unnamed: 16,Unnamed: 17,Unnamed: 18,Unnamed: 19,Unnamed: 20,Unnamed: 21,Unnamed: 22
,Plant,Department,Machine,Parts Produced,Runtime (mins),Downtime (mins),Availablity (%),Performance (%),Quality (%),OEE (%),Norms,Not Defined,Minor Stoppages,Setup Loss,Tools Replacement,Maintenanace,Management Loss,Internal Logistics Loss,Quality Rework,Consumable Loss,No Plan,Others
,Plant 1,Coil Shop,Hair Pin Bender,360843,50021.8407666666,47526.0205833333,61,85,99,49,46,34430.4967833333,7745.84301666666,6178.6411,76.8177333333333,2902.2979,636.446483333333,0,537.045033333333,33.2854666666667,14635.3501666667,2730.99008333333
,Plant 1,Coil Shop,Fin Press 1,10429360,57756.1338333333,44067.8156,66,82,100,59,100,19932.233,8402.32883333334,11580.9854333333,116.158583333333,10444.7566666667,757.5427,11.95945,30.2406,0,20492.6702,1193.93916666667
</dataframe>

The user asked the following question:
User: what is the Average runtime (mins) of Assembly Line ?

You generated this python code:
# TODO import all the dependencies required
import pandas as pd

def analyze_data(dfs: list[pd.DataFrame]) -> dict:
    """
    Analyze the data, using the provided dataframes (`dfs`).
    1. Prepare: Preprocessing and cleaning data if necessary
    2. Process: Manipulating data for analysis (grouping, filtering, aggregating, etc.)
    3. Analyze: Conducting the actual analysis (if the user asks to plot a chart you must save it as an image in temp_chart.png and not show the chart.)
    If the user requests to create a chart, utilize the Python matplotlib library to generate high-quality graphics that will be saved directly to a file.
    At the end, return a dictionary of:
    - type (possible values "string", "number", "dataframe", "plot")
    - value (can be a string, a dataframe or the path of the plot, NOT a dictionary)
    Examples: 
        { "type": "string", "value": f"The highest salary is {highest_salary}." }
        or
        { "type": "number", "value": 125 }
        or
        { "type": "dataframe", "value": pd.DataFrame({...}) }
        or
        { "type": "plot", "value": "temp_chart.png" }
    """
    
    # Extract the relevant dataframe from the list of dataframes
    df = dfs[0]
    
    # Calculate the average runtime of Assembly Line
    avg_runtime = df[df['Department'] == 'Assembly Line']['Runtime (mins)'].mean()
    
    # Return the result as a string
    result = f"The average runtime of Assembly Line is {avg_runtime:.2f} minutes."
    return {"type": "string", "value": result}

It fails with the following error:
Traceback (most recent call last):
  File "C:\Users\Ameer\anaconda3\lib\site-packages\pandas\core\indexes\base.py", line 3802, in get_loc
    return self._engine.get_loc(casted_key)
  File "pandas\_libs\index.pyx", line 138, in pandas._libs.index.IndexEngine.get_loc
  File "pandas\_libs\index.pyx", line 165, in pandas._libs.index.IndexEngine.get_loc
  File "pandas\_libs\hashtable_class_helper.pxi", line 5745, in pandas._libs.hashtable.PyObjectHashTable.get_item
  File "pandas\_libs\hashtable_class_helper.pxi", line 5753, in pandas._libs.hashtable.PyObjectHashTable.get_item
KeyError: 'Department'

The above exception was the direct cause of the following exception:

Traceback (most recent call last):
  File "C:\Users\Ameer\anaconda3\lib\site-packages\pandasai\smart_datalake\__init__.py", line 438, in chat
    result = self._code_manager.execute_code(
  File "C:\Users\Ameer\anaconda3\lib\site-packages\pandasai\helpers\code_manager.py", line 286, in execute_code
    return analyze_data(self._get_originals(dfs))
  File "<string>", line 21, in analyze_data
  File "C:\Users\Ameer\anaconda3\lib\site-packages\pandas\core\frame.py", line 3807, in __getitem__
    indexer = self.columns.get_loc(key)
  File "C:\Users\Ameer\anaconda3\lib\site-packages\pandas\core\indexes\base.py", line 3804, in get_loc
    raise KeyError(key) from err
KeyError: 'Department'


Correct the python code and return a new python code that fixes the above mentioned error. Do not generate the same code again.

2023-11-09 12:09:08 [INFO] Saving charts to C:\Users\Ameer\pandas\maxbyte\interns\sieola\temp_chart.png
2023-11-09 12:09:08 [INFO] 
Code running:
```
def analyze_data(dfs: list[pd.DataFrame]) ->dict:
    """
    Analyze the data, using the provided dataframes (`dfs`).
    1. Prepare: Preprocessing and cleaning data if necessary
    2. Process: Manipulating data for analysis (grouping, filtering, aggregating, etc.)
    3. Analyze: Conducting the actual analysis (if the user asks to plot a chart you must save it as an image in C:/Users/Ameer/pandas/maxbyte/interns/sieola/temp_chart.png and not show the chart.)
    If the user requests to create a chart, utilize the Python matplotlib library to generate high-quality graphics that will be saved directly to a file.
    At the end, return a dictionary of:
    - type (possible values "string", "number", "dataframe", "plot")
    - value (can be a string, a dataframe or the path of the plot, NOT a dictionary)
    Examples: 
        { "type": "string", "value": f"The highest salary is {highest_salary}." }
        or
        { "type": "number", "value": 125 }
        or
        { "type": "dataframe", "value": pd.DataFrame({...}) }
        or
        { "type": "plot", "value": "C:/Users/Ameer/pandas/maxbyte/interns/sieola/temp_chart.png" }
    """
    df = dfs[0]
    avg_runtime = df[df['Unnamed: 2'] == 'Assembly Line']['Unnamed: 5'].mean()
    result = f'The average runtime of Assembly Line is {avg_runtime:.2f} minutes.'
    return {'type': 'string', 'value': result}
        ```
2023-11-09 12:09:08 [WARNING] Error of executing code
2023-11-09 12:09:08 [INFO] Answer: {'type': 'string', 'value': 'The average runtime of Assembly Line is 45345.48 minutes.'}
2023-11-09 12:09:08 [INFO] Executed in: 110.57655429840088s
2023-11-09 12:17:01 [INFO] Question: Create a line chart of OEE of machines in CSD department
2023-11-09 12:17:02 [INFO] Running PandasAI with openai LLM...
2023-11-09 12:17:02 [INFO] Prompt ID: c03a336d-e9a9-402f-ac8a-1e9b35268e4f
2023-11-09 12:17:02 [INFO] Using prompt: You are provided with the following pandas DataFrames:

<dataframe>
Dataframe dfs[0], with 28 rows and 23 columns.
This is the metadata of the dataframe dfs[0]:
Unnamed: 0,Unnamed: 1,Unnamed: 2,Unnamed: 3,Unnamed: 4,Unnamed: 5,Unnamed: 6,Unnamed: 7,Unnamed: 8,Unnamed: 9,Unnamed: 10,Unnamed: 11,Unnamed: 12,Unnamed: 13,Unnamed: 14,Unnamed: 15,Unnamed: 16,Unnamed: 17,Unnamed: 18,Unnamed: 19,Unnamed: 20,Unnamed: 21,Unnamed: 22
,Plant 1,Coil Shop,Hair Pin Bender,360843,4248833584,6555123727,61,85,99,49,46,4929987995,8996779127,6178.6411,3345080116,2902.2979,5886853495,0,8283313876,7208660426,3461701456,5779413511
,Plant,Department,Machine,Parts Produced,9939357551,0483989272,Availablity (%),Performance (%),Quality (%),OEE (%),Norms,7024566308,9750496700,Setup Loss,3720349412,Maintenanace,4958244640,Internal Logistics Loss,5869312141,3003633023,8465939332,5630604973
,Plant 1,Coil Shop,Fin Press 1,10429360,4742504184,4628811573,66,82,100,59,100,7201795786,4654790774,11580.9854333333,3496945447,10444.7566666667,0991664000,11.95945,8856297153,1600726227,8928598856,4920836007
</dataframe>

<conversation>
User: Create a line chart of OEE of machines in CSD department
</conversation>

This is the initial python function. Do not change the params. Given the context, use the right dataframes.
```python
# TODO import all the dependencies required
import pandas as pd

def analyze_data(dfs: list[pd.DataFrame]) -> dict:
    """
    Analyze the data, using the provided dataframes (`dfs`).
    1. Prepare: Preprocessing and cleaning data if necessary
    2. Process: Manipulating data for analysis (grouping, filtering, aggregating, etc.)
    3. Analyze: Conducting the actual analysis (if the user asks to plot a chart you must save it as an image in temp_chart.png and not show the chart.)
    If the user requests to create a chart, utilize the Python matplotlib library to generate high-quality graphics that will be saved directly to a file.
    At the end, return a dictionary of:
    - type (possible values "string", "number", "dataframe", "plot")
    - value (can be a string, a dataframe or the path of the plot, NOT a dictionary)
    Examples: 
        { "type": "string", "value": f"The highest salary is {highest_salary}." }
        or
        { "type": "number", "value": 125 }
        or
        { "type": "dataframe", "value": pd.DataFrame({...}) }
        or
        { "type": "plot", "value": "temp_chart.png" }
    """
```

Take a deep breath and reason step-by-step. Act as a senior data analyst.
In the answer, you must never write the "technical" names of the tables.
Based on the last message in the conversation:
- return the updated analyze_data function wrapped within ```python ```
2023-11-09 12:18:08 [INFO] Code generated:
```
# TODO import all the dependencies required
import pandas as pd
import matplotlib.pyplot as plt

def analyze_data(dfs: list[pd.DataFrame]) -> dict:
    """
    Analyze the data, using the provided dataframes (`dfs`).
    1. Prepare: Preprocessing and cleaning data if necessary
    2. Process: Manipulating data for analysis (grouping, filtering, aggregating, etc.)
    3. Analyze: Conducting the actual analysis (if the user asks to plot a chart you must save it as an image in temp_chart.png and not show the chart.)
    If the user requests to create a chart, utilize the Python matplotlib library to generate high-quality graphics that will be saved directly to a file.
    At the end, return a dictionary of:
    - type (possible values "string", "number", "dataframe", "plot")
    - value (can be a string, a dataframe or the path of the plot, NOT a dictionary)
    Examples: 
        { "type": "string", "value": f"The highest salary is {highest_salary}." }
        or
        { "type": "number", "value": 125 }
        or
        { "type": "dataframe", "value": pd.DataFrame({...}) }
        or
        { "type": "plot", "value": "temp_chart.png" }
    """
    # Prepare: Preprocessing and cleaning data if necessary
    
    # Process: Manipulating data for analysis (grouping, filtering, aggregating, etc.)
    df = dfs[0]  # Assuming the relevant dataframe is the first one in the list
    csd_df = df[df['Unnamed: 1'] == 'CSD']  # Filter rows for CSD department
    oee_df = csd_df[['Unnamed: 3', 'Unnamed: 10']]  # Select columns for Machine and OEE
    
    # Analyze: Conducting the actual analysis
    chart_path = 'temp_chart.png'
    plt.figure(figsize=(10, 6))
    plt.plot(oee_df['Unnamed: 3'], oee_df['Unnamed: 10'])
    plt.xlabel('Machine')
    plt.ylabel('OEE (%)')
    plt.title('OEE of Machines in CSD Department')
    plt.savefig(chart_path)
    
    return {"type": "plot", "value": chart_path}
```

2023-11-09 12:18:08 [INFO] Saving charts to C:\Users\Ameer\pandas\maxbyte\interns\sieola\temp_chart.png
2023-11-09 12:18:08 [INFO] 
Code running:
```
def analyze_data(dfs: list[pd.DataFrame]) ->dict:
    """
    Analyze the data, using the provided dataframes (`dfs`).
    1. Prepare: Preprocessing and cleaning data if necessary
    2. Process: Manipulating data for analysis (grouping, filtering, aggregating, etc.)
    3. Analyze: Conducting the actual analysis (if the user asks to plot a chart you must save it as an image in C:/Users/Ameer/pandas/maxbyte/interns/sieola/temp_chart.png and not show the chart.)
    If the user requests to create a chart, utilize the Python matplotlib library to generate high-quality graphics that will be saved directly to a file.
    At the end, return a dictionary of:
    - type (possible values "string", "number", "dataframe", "plot")
    - value (can be a string, a dataframe or the path of the plot, NOT a dictionary)
    Examples: 
        { "type": "string", "value": f"The highest salary is {highest_salary}." }
        or
        { "type": "number", "value": 125 }
        or
        { "type": "dataframe", "value": pd.DataFrame({...}) }
        or
        { "type": "plot", "value": "C:/Users/Ameer/pandas/maxbyte/interns/sieola/temp_chart.png" }
    """
    df = dfs[0]
    csd_df = df[df['Unnamed: 1'] == 'CSD']
    oee_df = csd_df[['Unnamed: 3', 'Unnamed: 10']]
    chart_path = 'C:/Users/Ameer/pandas/maxbyte/interns/sieola/temp_chart.png'
    plt.figure(figsize=(10, 6))
    plt.plot(oee_df['Unnamed: 3'], oee_df['Unnamed: 10'])
    plt.xlabel('Machine')
    plt.ylabel('OEE (%)')
    plt.title('OEE of Machines in CSD Department')
    plt.savefig(chart_path)
    return {'type': 'plot', 'value': chart_path}
        ```
2023-11-09 12:18:08 [INFO] Answer: {'type': 'plot', 'value': 'C:/Users/Ameer/pandas/maxbyte/interns/sieola/temp_chart.png'}
2023-11-09 12:18:08 [INFO] Executed in: 67.40790963172913s
2023-11-09 12:19:05 [INFO] Question: show me the  OEE of machines in CSD department
2023-11-09 12:19:05 [INFO] Running PandasAI with openai LLM...
2023-11-09 12:19:05 [INFO] Prompt ID: 5d5dff79-289c-4227-b4e8-e7412cb8ae6a
2023-11-09 12:19:05 [INFO] Using prompt: You are provided with the following pandas DataFrames:

<dataframe>
Dataframe dfs[0], with 28 rows and 23 columns.
This is the metadata of the dataframe dfs[0]:
Unnamed: 0,Unnamed: 1,Unnamed: 2,Unnamed: 3,Unnamed: 4,Unnamed: 5,Unnamed: 6,Unnamed: 7,Unnamed: 8,Unnamed: 9,Unnamed: 10,Unnamed: 11,Unnamed: 12,Unnamed: 13,Unnamed: 14,Unnamed: 15,Unnamed: 16,Unnamed: 17,Unnamed: 18,Unnamed: 19,Unnamed: 20,Unnamed: 21,Unnamed: 22
,Plant 1,Coil Shop,Hair Pin Bender,360843,4248833584,6555123727,61,85,99,49,46,4929987995,8996779127,6178.6411,3345080116,2902.2979,5886853495,0,8283313876,7208660426,3461701456,5779413511
,Plant,Department,Machine,Parts Produced,9939357551,0483989272,Availablity (%),Performance (%),Quality (%),OEE (%),Norms,7024566308,9750496700,Setup Loss,3720349412,Maintenanace,4958244640,Internal Logistics Loss,5869312141,3003633023,8465939332,5630604973
,Plant 1,Coil Shop,Fin Press 1,10429360,4742504184,4628811573,66,82,100,59,100,7201795786,4654790774,11580.9854333333,3496945447,10444.7566666667,0991664000,11.95945,8856297153,1600726227,8928598856,4920836007
</dataframe>

<conversation>
User: show me the  OEE of machines in CSD department
</conversation>

This is the initial python function. Do not change the params. Given the context, use the right dataframes.
```python
# TODO import all the dependencies required
import pandas as pd

def analyze_data(dfs: list[pd.DataFrame]) -> dict:
    """
    Analyze the data, using the provided dataframes (`dfs`).
    1. Prepare: Preprocessing and cleaning data if necessary
    2. Process: Manipulating data for analysis (grouping, filtering, aggregating, etc.)
    3. Analyze: Conducting the actual analysis (if the user asks to plot a chart you must save it as an image in temp_chart.png and not show the chart.)
    If the user requests to create a chart, utilize the Python matplotlib library to generate high-quality graphics that will be saved directly to a file.
    At the end, return a dictionary of:
    - type (possible values "string", "number", "dataframe", "plot")
    - value (can be a string, a dataframe or the path of the plot, NOT a dictionary)
    Examples: 
        { "type": "string", "value": f"The highest salary is {highest_salary}." }
        or
        { "type": "number", "value": 125 }
        or
        { "type": "dataframe", "value": pd.DataFrame({...}) }
        or
        { "type": "plot", "value": "temp_chart.png" }
    """
```

Take a deep breath and reason step-by-step. Act as a senior data analyst.
In the answer, you must never write the "technical" names of the tables.
Based on the last message in the conversation:
- return the updated analyze_data function wrapped within ```python ```
2023-11-09 12:20:12 [INFO] Code generated:
```
# TODO import all the dependencies required
import pandas as pd

def analyze_data(dfs: list[pd.DataFrame]) -> dict:
    """
    Analyze the data, using the provided dataframes (`dfs`).
    1. Prepare: Preprocessing and cleaning data if necessary
    2. Process: Manipulating data for analysis (grouping, filtering, aggregating, etc.)
    3. Analyze: Conducting the actual analysis (if the user asks to plot a chart you must save it as an image in temp_chart.png and not show the chart.)
    If the user requests to create a chart, utilize the Python matplotlib library to generate high-quality graphics that will be saved directly to a file.
    At the end, return a dictionary of:
    - type (possible values "string", "number", "dataframe", "plot")
    - value (can be a string, a dataframe or the path of the plot, NOT a dictionary)
    Examples: 
        { "type": "string", "value": f"The highest salary is {highest_salary}." }
        or
        { "type": "number", "value": 125 }
        or
        { "type": "dataframe", "value": pd.DataFrame({...}) }
        or
        { "type": "plot", "value": "temp_chart.png" }
    """
    
    # Prepare: Preprocessing and cleaning data if necessary
    
    # Process: Manipulating data for analysis (grouping, filtering, aggregating, etc.)
    
    # Analyze: Conducting the actual analysis
    
    # Get the OEE of machines in CSD department
    csd_df = dfs[0].loc[dfs[0]['Unnamed: 1'] == 'CSD']
    oee_df = csd_df[['Unnamed: 3', 'Unnamed: 10']]
    
    # Convert the OEE column to numeric
    oee_df['Unnamed: 10'] = pd.to_numeric(oee_df['Unnamed: 10'], errors='coerce')
    
    # Filter out rows with missing OEE values
    oee_df = oee_df.dropna(subset=['Unnamed: 10'])
    
    # Sort the dataframe by OEE in descending order
    oee_df = oee_df.sort_values(by='Unnamed: 10', ascending=False)
    
    # Reset the index of the dataframe
    oee_df = oee_df.reset_index(drop=True)
    
    # Select the top 5 machines with the highest OEE
    top_5_oee = oee_df.head(5)
    
    # Create a bar plot of the top 5 machines with the highest OEE
    ax = top_5_oee.plot(x='Unnamed: 3', y='Unnamed: 10', kind='bar', legend=False)
    ax.set_xlabel('Machine')
    ax.set_ylabel('OEE')
    ax.set_title('Top 5 Machines with Highest OEE in CSD Department')
    plt.savefig('temp_chart.png')
    plt.close()
    
    # Return the path of the plot
    return {"type": "plot", "value": "temp_chart.png"}
```

2023-11-09 12:20:12 [INFO] Saving charts to C:\Users\Ameer\pandas\maxbyte\interns\sieola\temp_chart.png
2023-11-09 12:20:12 [INFO] 
Code running:
```
def analyze_data(dfs: list[pd.DataFrame]) ->dict:
    """
    Analyze the data, using the provided dataframes (`dfs`).
    1. Prepare: Preprocessing and cleaning data if necessary
    2. Process: Manipulating data for analysis (grouping, filtering, aggregating, etc.)
    3. Analyze: Conducting the actual analysis (if the user asks to plot a chart you must save it as an image in C:/Users/Ameer/pandas/maxbyte/interns/sieola/temp_chart.png and not show the chart.)
    If the user requests to create a chart, utilize the Python matplotlib library to generate high-quality graphics that will be saved directly to a file.
    At the end, return a dictionary of:
    - type (possible values "string", "number", "dataframe", "plot")
    - value (can be a string, a dataframe or the path of the plot, NOT a dictionary)
    Examples: 
        { "type": "string", "value": f"The highest salary is {highest_salary}." }
        or
        { "type": "number", "value": 125 }
        or
        { "type": "dataframe", "value": pd.DataFrame({...}) }
        or
        { "type": "plot", "value": "C:/Users/Ameer/pandas/maxbyte/interns/sieola/temp_chart.png" }
    """
    csd_df = dfs[0].loc[dfs[0]['Unnamed: 1'] == 'CSD']
    oee_df = csd_df[['Unnamed: 3', 'Unnamed: 10']]
    oee_df['Unnamed: 10'] = pd.to_numeric(oee_df['Unnamed: 10'], errors='coerce')
    oee_df = oee_df.dropna(subset=['Unnamed: 10'])
    oee_df = oee_df.sort_values(by='Unnamed: 10', ascending=False)
    oee_df = oee_df.reset_index(drop=True)
    top_5_oee = oee_df.head(5)
    ax = top_5_oee.plot(x='Unnamed: 3', y='Unnamed: 10', kind='bar', legend=False)
    ax.set_xlabel('Machine')
    ax.set_ylabel('OEE')
    ax.set_title('Top 5 Machines with Highest OEE in CSD Department')
    plt.savefig('C:/Users/Ameer/pandas/maxbyte/interns/sieola/temp_chart.png')
    plt.close()
    return {'type': 'plot', 'value': 'C:/Users/Ameer/pandas/maxbyte/interns/sieola/temp_chart.png'}
        ```
2023-11-09 12:20:12 [WARNING] Error of executing code
2023-11-09 12:20:12 [WARNING] Failed to execute code with a correction framework [retry number: 1]
2023-11-09 12:20:12 [ERROR] Failed with error: Traceback (most recent call last):
  File "C:\Users\Ameer\anaconda3\lib\site-packages\pandasai\smart_datalake\__init__.py", line 438, in chat
    result = self._code_manager.execute_code(
  File "C:\Users\Ameer\anaconda3\lib\site-packages\pandasai\helpers\code_manager.py", line 286, in execute_code
    return analyze_data(self._get_originals(dfs))
  File "<string>", line 27, in analyze_data
  File "C:\Users\Ameer\anaconda3\lib\site-packages\pandas\plotting\_core.py", line 1000, in __call__
    return plot_backend.plot(data, kind=kind, **kwargs)
  File "C:\Users\Ameer\anaconda3\lib\site-packages\pandas\plotting\_matplotlib\__init__.py", line 71, in plot
    plot_obj.generate()
  File "C:\Users\Ameer\anaconda3\lib\site-packages\pandas\plotting\_matplotlib\core.py", line 459, in generate
    self._post_plot_logic(ax, self.data)
  File "C:\Users\Ameer\anaconda3\lib\site-packages\pandas\plotting\_matplotlib\core.py", line 1739, in _post_plot_logic
    s_edge = self.ax_pos[0] - 0.25 + self.lim_offset
IndexError: index 0 is out of bounds for axis 0 with size 0
. Retrying
2023-11-09 12:20:12 [INFO] Using prompt: 
You are provided with the following pandas DataFrames with the following metadata:

<dataframe>
Dataframe dfs[0], with 28 rows and 23 columns.
This is the metadata of the dataframe dfs[0]:
Unnamed: 0,Unnamed: 1,Unnamed: 2,Unnamed: 3,Unnamed: 4,Unnamed: 5,Unnamed: 6,Unnamed: 7,Unnamed: 8,Unnamed: 9,Unnamed: 10,Unnamed: 11,Unnamed: 12,Unnamed: 13,Unnamed: 14,Unnamed: 15,Unnamed: 16,Unnamed: 17,Unnamed: 18,Unnamed: 19,Unnamed: 20,Unnamed: 21,Unnamed: 22
,Plant 1,Coil Shop,Hair Pin Bender,360843,4248833584,6555123727,61,85,99,49,46,4929987995,8996779127,6178.6411,3345080116,2902.2979,5886853495,0,8283313876,7208660426,3461701456,5779413511
,Plant,Department,Machine,Parts Produced,9939357551,0483989272,Availablity (%),Performance (%),Quality (%),OEE (%),Norms,7024566308,9750496700,Setup Loss,3720349412,Maintenanace,4958244640,Internal Logistics Loss,5869312141,3003633023,8465939332,5630604973
,Plant 1,Coil Shop,Fin Press 1,10429360,4742504184,4628811573,66,82,100,59,100,7201795786,4654790774,11580.9854333333,3496945447,10444.7566666667,0991664000,11.95945,8856297153,1600726227,8928598856,4920836007
</dataframe>

The user asked the following question:
User: show me the  OEE of machines in CSD department

You generated this python code:
# TODO import all the dependencies required
import pandas as pd

def analyze_data(dfs: list[pd.DataFrame]) -> dict:
    """
    Analyze the data, using the provided dataframes (`dfs`).
    1. Prepare: Preprocessing and cleaning data if necessary
    2. Process: Manipulating data for analysis (grouping, filtering, aggregating, etc.)
    3. Analyze: Conducting the actual analysis (if the user asks to plot a chart you must save it as an image in temp_chart.png and not show the chart.)
    If the user requests to create a chart, utilize the Python matplotlib library to generate high-quality graphics that will be saved directly to a file.
    At the end, return a dictionary of:
    - type (possible values "string", "number", "dataframe", "plot")
    - value (can be a string, a dataframe or the path of the plot, NOT a dictionary)
    Examples: 
        { "type": "string", "value": f"The highest salary is {highest_salary}." }
        or
        { "type": "number", "value": 125 }
        or
        { "type": "dataframe", "value": pd.DataFrame({...}) }
        or
        { "type": "plot", "value": "temp_chart.png" }
    """
    
    # Prepare: Preprocessing and cleaning data if necessary
    
    # Process: Manipulating data for analysis (grouping, filtering, aggregating, etc.)
    
    # Analyze: Conducting the actual analysis
    
    # Get the OEE of machines in CSD department
    csd_df = dfs[0].loc[dfs[0]['Unnamed: 1'] == 'CSD']
    oee_df = csd_df[['Unnamed: 3', 'Unnamed: 10']]
    
    # Convert the OEE column to numeric
    oee_df['Unnamed: 10'] = pd.to_numeric(oee_df['Unnamed: 10'], errors='coerce')
    
    # Filter out rows with missing OEE values
    oee_df = oee_df.dropna(subset=['Unnamed: 10'])
    
    # Sort the dataframe by OEE in descending order
    oee_df = oee_df.sort_values(by='Unnamed: 10', ascending=False)
    
    # Reset the index of the dataframe
    oee_df = oee_df.reset_index(drop=True)
    
    # Select the top 5 machines with the highest OEE
    top_5_oee = oee_df.head(5)
    
    # Create a bar plot of the top 5 machines with the highest OEE
    ax = top_5_oee.plot(x='Unnamed: 3', y='Unnamed: 10', kind='bar', legend=False)
    ax.set_xlabel('Machine')
    ax.set_ylabel('OEE')
    ax.set_title('Top 5 Machines with Highest OEE in CSD Department')
    plt.savefig('temp_chart.png')
    plt.close()
    
    # Return the path of the plot
    return {"type": "plot", "value": "temp_chart.png"}

It fails with the following error:
Traceback (most recent call last):
  File "C:\Users\Ameer\anaconda3\lib\site-packages\pandasai\smart_datalake\__init__.py", line 438, in chat
    result = self._code_manager.execute_code(
  File "C:\Users\Ameer\anaconda3\lib\site-packages\pandasai\helpers\code_manager.py", line 286, in execute_code
    return analyze_data(self._get_originals(dfs))
  File "<string>", line 27, in analyze_data
  File "C:\Users\Ameer\anaconda3\lib\site-packages\pandas\plotting\_core.py", line 1000, in __call__
    return plot_backend.plot(data, kind=kind, **kwargs)
  File "C:\Users\Ameer\anaconda3\lib\site-packages\pandas\plotting\_matplotlib\__init__.py", line 71, in plot
    plot_obj.generate()
  File "C:\Users\Ameer\anaconda3\lib\site-packages\pandas\plotting\_matplotlib\core.py", line 459, in generate
    self._post_plot_logic(ax, self.data)
  File "C:\Users\Ameer\anaconda3\lib\site-packages\pandas\plotting\_matplotlib\core.py", line 1739, in _post_plot_logic
    s_edge = self.ax_pos[0] - 0.25 + self.lim_offset
IndexError: index 0 is out of bounds for axis 0 with size 0


Correct the python code and return a new python code that fixes the above mentioned error. Do not generate the same code again.

2023-11-09 12:21:19 [INFO] Saving charts to C:\Users\Ameer\pandas\maxbyte\interns\sieola\temp_chart.png
2023-11-09 12:21:19 [INFO] 
Code running:
```
def analyze_data(dfs: list[pd.DataFrame]) ->dict:
    """
    Analyze the data, using the provided dataframes (`dfs`).
    1. Prepare: Preprocessing and cleaning data if necessary
    2. Process: Manipulating data for analysis (grouping, filtering, aggregating, etc.)
    3. Analyze: Conducting the actual analysis (if the user asks to plot a chart you must save it as an image in C:/Users/Ameer/pandas/maxbyte/interns/sieola/temp_chart.png and not show the chart.)
    If the user requests to create a chart, utilize the Python matplotlib library to generate high-quality graphics that will be saved directly to a file.
    At the end, return a dictionary of:
    - type (possible values "string", "number", "dataframe", "plot")
    - value (can be a string, a dataframe or the path of the plot, NOT a dictionary)
    Examples: 
        { "type": "string", "value": f"The highest salary is {highest_salary}." }
        or
        { "type": "number", "value": 125 }
        or
        { "type": "dataframe", "value": pd.DataFrame({...}) }
        or
        { "type": "plot", "value": "C:/Users/Ameer/pandas/maxbyte/interns/sieola/temp_chart.png" }
    """
    csd_df = dfs[0].loc[dfs[0]['Unnamed: 1'] == 'CSD']
    oee_df = csd_df[['Unnamed: 3', 'Unnamed: 10']]
    oee_df['Unnamed: 10'] = pd.to_numeric(oee_df['Unnamed: 10'], errors='coerce')
    oee_df = oee_df.dropna(subset=['Unnamed: 10'])
    oee_df = oee_df.sort_values(by='Unnamed: 10', ascending=False)
    oee_df = oee_df.reset_index(drop=True)
    top_5_oee = oee_df.head(5)
    ax = top_5_oee.plot(x='Unnamed: 3', y='Unnamed: 10', kind='bar', legend=False)
    ax.set_xlabel('Machine')
    ax.set_ylabel('OEE')
    ax.set_title('Top 5 Machines with Highest OEE in CSD Department')
    plt.savefig('C:/Users/Ameer/pandas/maxbyte/interns/sieola/temp_chart.png')
    plt.close()
    return {'type': 'plot', 'value': 'C:/Users/Ameer/pandas/maxbyte/interns/sieola/temp_chart.png'}
        ```
2023-11-09 12:21:19 [WARNING] Error of executing code
2023-11-09 12:21:19 [WARNING] Failed to execute code with a correction framework [retry number: 2]
2023-11-09 12:21:19 [ERROR] Failed with error: Traceback (most recent call last):
  File "C:\Users\Ameer\anaconda3\lib\site-packages\pandasai\smart_datalake\__init__.py", line 438, in chat
    result = self._code_manager.execute_code(
  File "C:\Users\Ameer\anaconda3\lib\site-packages\pandasai\helpers\code_manager.py", line 286, in execute_code
    return analyze_data(self._get_originals(dfs))
  File "<string>", line 27, in analyze_data
  File "C:\Users\Ameer\anaconda3\lib\site-packages\pandas\plotting\_core.py", line 1000, in __call__
    return plot_backend.plot(data, kind=kind, **kwargs)
  File "C:\Users\Ameer\anaconda3\lib\site-packages\pandas\plotting\_matplotlib\__init__.py", line 71, in plot
    plot_obj.generate()
  File "C:\Users\Ameer\anaconda3\lib\site-packages\pandas\plotting\_matplotlib\core.py", line 459, in generate
    self._post_plot_logic(ax, self.data)
  File "C:\Users\Ameer\anaconda3\lib\site-packages\pandas\plotting\_matplotlib\core.py", line 1739, in _post_plot_logic
    s_edge = self.ax_pos[0] - 0.25 + self.lim_offset
IndexError: index 0 is out of bounds for axis 0 with size 0
. Retrying
2023-11-09 12:21:19 [INFO] Using prompt: 
You are provided with the following pandas DataFrames with the following metadata:

<dataframe>
Dataframe dfs[0], with 28 rows and 23 columns.
This is the metadata of the dataframe dfs[0]:
Unnamed: 0,Unnamed: 1,Unnamed: 2,Unnamed: 3,Unnamed: 4,Unnamed: 5,Unnamed: 6,Unnamed: 7,Unnamed: 8,Unnamed: 9,Unnamed: 10,Unnamed: 11,Unnamed: 12,Unnamed: 13,Unnamed: 14,Unnamed: 15,Unnamed: 16,Unnamed: 17,Unnamed: 18,Unnamed: 19,Unnamed: 20,Unnamed: 21,Unnamed: 22
,Plant 1,Coil Shop,Hair Pin Bender,360843,4248833584,6555123727,61,85,99,49,46,4929987995,8996779127,6178.6411,3345080116,2902.2979,5886853495,0,8283313876,7208660426,3461701456,5779413511
,Plant,Department,Machine,Parts Produced,9939357551,0483989272,Availablity (%),Performance (%),Quality (%),OEE (%),Norms,7024566308,9750496700,Setup Loss,3720349412,Maintenanace,4958244640,Internal Logistics Loss,5869312141,3003633023,8465939332,5630604973
,Plant 1,Coil Shop,Fin Press 1,10429360,4742504184,4628811573,66,82,100,59,100,7201795786,4654790774,11580.9854333333,3496945447,10444.7566666667,0991664000,11.95945,8856297153,1600726227,8928598856,4920836007
</dataframe>

The user asked the following question:
User: show me the  OEE of machines in CSD department

You generated this python code:
# TODO import all the dependencies required
import pandas as pd

def analyze_data(dfs: list[pd.DataFrame]) -> dict:
    """
    Analyze the data, using the provided dataframes (`dfs`).
    1. Prepare: Preprocessing and cleaning data if necessary
    2. Process: Manipulating data for analysis (grouping, filtering, aggregating, etc.)
    3. Analyze: Conducting the actual analysis (if the user asks to plot a chart you must save it as an image in temp_chart.png and not show the chart.)
    If the user requests to create a chart, utilize the Python matplotlib library to generate high-quality graphics that will be saved directly to a file.
    At the end, return a dictionary of:
    - type (possible values "string", "number", "dataframe", "plot")
    - value (can be a string, a dataframe or the path of the plot, NOT a dictionary)
    Examples: 
        { "type": "string", "value": f"The highest salary is {highest_salary}." }
        or
        { "type": "number", "value": 125 }
        or
        { "type": "dataframe", "value": pd.DataFrame({...}) }
        or
        { "type": "plot", "value": "temp_chart.png" }
    """
    
    # Prepare: Preprocessing and cleaning data if necessary
    
    # Process: Manipulating data for analysis (grouping, filtering, aggregating, etc.)
    
    # Analyze: Conducting the actual analysis
    
    # Get the OEE of machines in CSD department
    csd_df = dfs[0].loc[dfs[0]['Unnamed: 1'] == 'CSD']
    oee_df = csd_df[['Unnamed: 3', 'Unnamed: 10']]
    
    # Convert the OEE column to numeric
    oee_df['Unnamed: 10'] = pd.to_numeric(oee_df['Unnamed: 10'], errors='coerce')
    
    # Filter out rows with missing OEE values
    oee_df = oee_df.dropna(subset=['Unnamed: 10'])
    
    # Sort the dataframe by OEE in descending order
    oee_df = oee_df.sort_values(by='Unnamed: 10', ascending=False)
    
    # Reset the index of the dataframe
    oee_df = oee_df.reset_index(drop=True)
    
    # Select the top 5 machines with the highest OEE
    top_5_oee = oee_df.head(5)
    
    # Create a bar plot of the top 5 machines with the highest OEE
    ax = top_5_oee.plot(x='Unnamed: 3', y='Unnamed: 10', kind='bar', legend=False)
    ax.set_xlabel('Machine')
    ax.set_ylabel('OEE')
    ax.set_title('Top 5 Machines with Highest OEE in CSD Department')
    plt.savefig('temp_chart.png')
    plt.close()
    
    # Return the path of the plot
    return {"type": "plot", "value": "temp_chart.png"}

It fails with the following error:
Traceback (most recent call last):
  File "C:\Users\Ameer\anaconda3\lib\site-packages\pandasai\smart_datalake\__init__.py", line 438, in chat
    result = self._code_manager.execute_code(
  File "C:\Users\Ameer\anaconda3\lib\site-packages\pandasai\helpers\code_manager.py", line 286, in execute_code
    return analyze_data(self._get_originals(dfs))
  File "<string>", line 27, in analyze_data
  File "C:\Users\Ameer\anaconda3\lib\site-packages\pandas\plotting\_core.py", line 1000, in __call__
    return plot_backend.plot(data, kind=kind, **kwargs)
  File "C:\Users\Ameer\anaconda3\lib\site-packages\pandas\plotting\_matplotlib\__init__.py", line 71, in plot
    plot_obj.generate()
  File "C:\Users\Ameer\anaconda3\lib\site-packages\pandas\plotting\_matplotlib\core.py", line 459, in generate
    self._post_plot_logic(ax, self.data)
  File "C:\Users\Ameer\anaconda3\lib\site-packages\pandas\plotting\_matplotlib\core.py", line 1739, in _post_plot_logic
    s_edge = self.ax_pos[0] - 0.25 + self.lim_offset
IndexError: index 0 is out of bounds for axis 0 with size 0


Correct the python code and return a new python code that fixes the above mentioned error. Do not generate the same code again.

2023-11-09 12:22:40 [INFO] Saving charts to C:\Users\Ameer\pandas\maxbyte\interns\sieola\temp_chart.png
2023-11-09 12:22:40 [INFO] 
Code running:
```
def analyze_data(dfs: list[pd.DataFrame]) ->dict:
    """
    Analyze the data, using the provided dataframes (`dfs`).
    1. Prepare: Preprocessing and cleaning data if necessary
    2. Process: Manipulating data for analysis (grouping, filtering, aggregating, etc.)
    3. Analyze: Conducting the actual analysis (if the user asks to plot a chart you must save it as an image in C:/Users/Ameer/pandas/maxbyte/interns/sieola/temp_chart.png and not show the chart.)
    If the user requests to create a chart, utilize the Python matplotlib library to generate high-quality graphics that will be saved directly to a file.
    At the end, return a dictionary of:
    - type (possible values "string", "number", "dataframe", "plot")
    - value (can be a string, a dataframe or the path of the plot, NOT a dictionary)
    Examples: 
        { "type": "string", "value": f"The highest salary is {highest_salary}." }
        or
        { "type": "number", "value": 125 }
        or
        { "type": "dataframe", "value": pd.DataFrame({...}) }
        or
        { "type": "plot", "value": "C:/Users/Ameer/pandas/maxbyte/interns/sieola/temp_chart.png" }
    """
    csd_df = dfs[0].loc[dfs[0]['Unnamed: 1'] == 'CSD']
    oee_df = csd_df[['Unnamed: 3', 'Unnamed: 10']]
    oee_df['Unnamed: 10'] = pd.to_numeric(oee_df['Unnamed: 10'], errors='coerce')
    oee_df = oee_df.dropna(subset=['Unnamed: 10'])
    oee_df = oee_df.sort_values(by='Unnamed: 10', ascending=False)
    oee_df = oee_df.reset_index(drop=True)
    top_5_oee = oee_df.head(5)
    ax = top_5_oee.plot(x='Unnamed: 3', y='Unnamed: 10', kind='bar', legend=False)
    ax.set_xlabel('Machine')
    ax.set_ylabel('OEE')
    ax.set_title('Top 5 Machines with Highest OEE in CSD Department')
    plt.savefig('C:/Users/Ameer/pandas/maxbyte/interns/sieola/temp_chart.png')
    plt.close()
    return {'type': 'plot', 'value': 'C:/Users/Ameer/pandas/maxbyte/interns/sieola/temp_chart.png'}
        ```
2023-11-09 12:22:40 [WARNING] Error of executing code
2023-11-09 14:11:23 [INFO] Question: what is the average OEE of machine in plant 2
2023-11-09 14:11:26 [INFO] Running PandasAI with openai LLM...
2023-11-09 14:11:26 [INFO] Prompt ID: 6b5d3d47-f523-401a-8e5e-2871c90af98f
2023-11-09 14:11:26 [INFO] Using prompt: You are provided with the following pandas DataFrames:

<dataframe>
Dataframe dfs[0], with 28 rows and 23 columns.
This is the metadata of the dataframe dfs[0]:
Unnamed: 0,Unnamed: 1,Unnamed: 2,Unnamed: 3,Unnamed: 4,Unnamed: 5,Unnamed: 6,Unnamed: 7,Unnamed: 8,Unnamed: 9,Unnamed: 10,Unnamed: 11,Unnamed: 12,Unnamed: 13,Unnamed: 14,Unnamed: 15,Unnamed: 16,Unnamed: 17,Unnamed: 18,Unnamed: 19,Unnamed: 20,Unnamed: 21,Unnamed: 22
,Plant 1,Coil Shop,Fin Press 1,10429360,2921576558,44067.8156,66,82,100,59,100,19932.233,5556314451,2268642369,3854354913,9147522271,757.5427,11.95945,30.2406,0,20492.6702,3943593002
,Plant,Department,Machine,Parts Produced,0342490160,Downtime (mins),Availablity (%),Performance (%),Quality (%),OEE (%),Norms,Not Defined,3302573312,5923465825,1765923486,7509481439,Management Loss,Internal Logistics Loss,Quality Rework,Consumable Loss,No Plan,7937396341
,Plant 1,Coil Shop,Hair Pin Bender,360843,3170700404,47526.0205833333,61,85,99,49,46,34430.4967833333,4382412836,8223204654,3416570369,7408605990,636.446483333333,0,537.045033333333,33.2854666666667,14635.3501666667,0446289510
</dataframe>

<conversation>
User: what is the average OEE of machine in plant 2
</conversation>

This is the initial python function. Do not change the params. Given the context, use the right dataframes.
```python
# TODO import all the dependencies required
import pandas as pd

def analyze_data(dfs: list[pd.DataFrame]) -> dict:
    """
    Analyze the data, using the provided dataframes (`dfs`).
    1. Prepare: Preprocessing and cleaning data if necessary
    2. Process: Manipulating data for analysis (grouping, filtering, aggregating, etc.)
    3. Analyze: Conducting the actual analysis (if the user asks to plot a chart you must save it as an image in temp_chart.png and not show the chart.)
    If the user requests to create a chart, utilize the Python matplotlib library to generate high-quality graphics that will be saved directly to a file.
    At the end, return a dictionary of:
    - type (possible values "string", "number", "dataframe", "plot")
    - value (can be a string, a dataframe or the path of the plot, NOT a dictionary)
    Examples: 
        { "type": "string", "value": f"The highest salary is {highest_salary}." }
        or
        { "type": "number", "value": 125 }
        or
        { "type": "dataframe", "value": pd.DataFrame({...}) }
        or
        { "type": "plot", "value": "temp_chart.png" }
    """
```

Take a deep breath and reason step-by-step. Act as a senior data analyst.
In the answer, you must never write the "technical" names of the tables.
Based on the last message in the conversation:
- return the updated analyze_data function wrapped within ```python ```
2023-11-09 14:12:21 [INFO] Code generated:
```
# TODO import all the dependencies required
import pandas as pd

def analyze_data(dfs: list[pd.DataFrame]) -> dict:
    """
    Analyze the data, using the provided dataframes (`dfs`).
    1. Prepare: Preprocessing and cleaning data if necessary
    2. Process: Manipulating data for analysis (grouping, filtering, aggregating, etc.)
    3. Analyze: Conducting the actual analysis (if the user asks to plot a chart you must save it as an image in temp_chart.png and not show the chart.)
    If the user requests to create a chart, utilize the Python matplotlib library to generate high-quality graphics that will be saved directly to a file.
    At the end, return a dictionary of:
    - type (possible values "string", "number", "dataframe", "plot")
    - value (can be a string, a dataframe or the path of the plot, NOT a dictionary)
    Examples: 
        { "type": "string", "value": f"The highest salary is {highest_salary}." }
        or
        { "type": "number", "value": 125 }
        or
        { "type": "dataframe", "value": pd.DataFrame({...}) }
        or
        { "type": "plot", "value": "temp_chart.png" }
    """
    
    # Extract the relevant dataframe from the list of dataframes
    df = dfs[0]
    
    # Filter the dataframe to include only rows with "Plant 2" in the first column
    plant_2_df = df[df.iloc[:, 0] == "Plant 2"]
    
    # Calculate the average OEE of machines in Plant 2
    average_oee = plant_2_df.iloc[:, 10].mean()
    
    # Return the result as a dictionary
    return {"type": "number", "value": average_oee}
```

2023-11-09 14:12:21 [INFO] Saving charts to C:\Users\Ameer\pandas\maxbyte\interns\sieola\temp_chart.png
2023-11-09 14:12:21 [INFO] 
Code running:
```
def analyze_data(dfs: list[pd.DataFrame]) ->dict:
    """
    Analyze the data, using the provided dataframes (`dfs`).
    1. Prepare: Preprocessing and cleaning data if necessary
    2. Process: Manipulating data for analysis (grouping, filtering, aggregating, etc.)
    3. Analyze: Conducting the actual analysis (if the user asks to plot a chart you must save it as an image in C:/Users/Ameer/pandas/maxbyte/interns/sieola/temp_chart.png and not show the chart.)
    If the user requests to create a chart, utilize the Python matplotlib library to generate high-quality graphics that will be saved directly to a file.
    At the end, return a dictionary of:
    - type (possible values "string", "number", "dataframe", "plot")
    - value (can be a string, a dataframe or the path of the plot, NOT a dictionary)
    Examples: 
        { "type": "string", "value": f"The highest salary is {highest_salary}." }
        or
        { "type": "number", "value": 125 }
        or
        { "type": "dataframe", "value": pd.DataFrame({...}) }
        or
        { "type": "plot", "value": "C:/Users/Ameer/pandas/maxbyte/interns/sieola/temp_chart.png" }
    """
    df = dfs[0]
    plant_2_df = df[df.iloc[:, 0] == 'Plant 2']
    average_oee = plant_2_df.iloc[:, 10].mean()
    return {'type': 'number', 'value': average_oee}
        ```
2023-11-09 14:12:21 [INFO] Answer: {'type': 'number', 'value': nan}
2023-11-09 14:12:21 [INFO] Executed in: 57.923564434051514s
2023-11-09 14:12:45 [INFO] Question: what is the average OEE of  plant 2
2023-11-09 14:12:45 [INFO] Running PandasAI with openai LLM...
2023-11-09 14:12:45 [INFO] Prompt ID: e9760b2a-4184-4b93-a771-8b64ce5d480b
2023-11-09 14:12:45 [INFO] Using prompt: You are provided with the following pandas DataFrames:

<dataframe>
Dataframe dfs[0], with 28 rows and 23 columns.
This is the metadata of the dataframe dfs[0]:
Unnamed: 0,Unnamed: 1,Unnamed: 2,Unnamed: 3,Unnamed: 4,Unnamed: 5,Unnamed: 6,Unnamed: 7,Unnamed: 8,Unnamed: 9,Unnamed: 10,Unnamed: 11,Unnamed: 12,Unnamed: 13,Unnamed: 14,Unnamed: 15,Unnamed: 16,Unnamed: 17,Unnamed: 18,Unnamed: 19,Unnamed: 20,Unnamed: 21,Unnamed: 22
,Plant 1,Coil Shop,Fin Press 1,10429360,2921576558,44067.8156,66,82,100,59,100,19932.233,5556314451,2268642369,3854354913,9147522271,757.5427,11.95945,30.2406,0,20492.6702,3943593002
,Plant,Department,Machine,Parts Produced,0342490160,Downtime (mins),Availablity (%),Performance (%),Quality (%),OEE (%),Norms,Not Defined,3302573312,5923465825,1765923486,7509481439,Management Loss,Internal Logistics Loss,Quality Rework,Consumable Loss,No Plan,7937396341
,Plant 1,Coil Shop,Hair Pin Bender,360843,3170700404,47526.0205833333,61,85,99,49,46,34430.4967833333,4382412836,8223204654,3416570369,7408605990,636.446483333333,0,537.045033333333,33.2854666666667,14635.3501666667,0446289510
</dataframe>

<conversation>
User: what is the average OEE of  plant 2
</conversation>

This is the initial python function. Do not change the params. Given the context, use the right dataframes.
```python
# TODO import all the dependencies required
import pandas as pd

def analyze_data(dfs: list[pd.DataFrame]) -> dict:
    """
    Analyze the data, using the provided dataframes (`dfs`).
    1. Prepare: Preprocessing and cleaning data if necessary
    2. Process: Manipulating data for analysis (grouping, filtering, aggregating, etc.)
    3. Analyze: Conducting the actual analysis (if the user asks to plot a chart you must save it as an image in temp_chart.png and not show the chart.)
    If the user requests to create a chart, utilize the Python matplotlib library to generate high-quality graphics that will be saved directly to a file.
    At the end, return a dictionary of:
    - type (possible values "string", "number", "dataframe", "plot")
    - value (can be a string, a dataframe or the path of the plot, NOT a dictionary)
    Examples: 
        { "type": "string", "value": f"The highest salary is {highest_salary}." }
        or
        { "type": "number", "value": 125 }
        or
        { "type": "dataframe", "value": pd.DataFrame({...}) }
        or
        { "type": "plot", "value": "temp_chart.png" }
    """
```

Take a deep breath and reason step-by-step. Act as a senior data analyst.
In the answer, you must never write the "technical" names of the tables.
Based on the last message in the conversation:
- return the updated analyze_data function wrapped within ```python ```
2023-11-09 14:13:26 [INFO] Code generated:
```
# TODO import all the dependencies required
import pandas as pd

def analyze_data(dfs: list[pd.DataFrame]) -> dict:
    """
    Analyze the data, using the provided dataframes (`dfs`).
    1. Prepare: Preprocessing and cleaning data if necessary
    2. Process: Manipulating data for analysis (grouping, filtering, aggregating, etc.)
    3. Analyze: Conducting the actual analysis (if the user asks to plot a chart you must save it as an image in temp_chart.png and not show the chart.)
    If the user requests to create a chart, utilize the Python matplotlib library to generate high-quality graphics that will be saved directly to a file.
    At the end, return a dictionary of:
    - type (possible values "string", "number", "dataframe", "plot")
    - value (can be a string, a dataframe or the path of the plot, NOT a dictionary)
    Examples: 
        { "type": "string", "value": f"The highest salary is {highest_salary}." }
        or
        { "type": "number", "value": 125 }
        or
        { "type": "dataframe", "value": pd.DataFrame({...}) }
        or
        { "type": "plot", "value": "temp_chart.png" }
    """
    # Extract the relevant dataframe from the list of dataframes
    df = dfs[0]
    
    # Filter the dataframe to include only rows with "OEE (%)"
    oee_df = df[df.iloc[:, 0] == "OEE (%)"]
    
    # Calculate the average OEE
    average_oee = oee_df.iloc[:, 1:].mean().values[0]
    
    # Return the result as a string
    return {"type": "string", "value": f"The average OEE of Plant 2 is {average_oee}."}
```

2023-11-09 14:13:26 [INFO] Saving charts to C:\Users\Ameer\pandas\maxbyte\interns\sieola\temp_chart.png
2023-11-09 14:13:26 [INFO] 
Code running:
```
def analyze_data(dfs: list[pd.DataFrame]) ->dict:
    """
    Analyze the data, using the provided dataframes (`dfs`).
    1. Prepare: Preprocessing and cleaning data if necessary
    2. Process: Manipulating data for analysis (grouping, filtering, aggregating, etc.)
    3. Analyze: Conducting the actual analysis (if the user asks to plot a chart you must save it as an image in C:/Users/Ameer/pandas/maxbyte/interns/sieola/temp_chart.png and not show the chart.)
    If the user requests to create a chart, utilize the Python matplotlib library to generate high-quality graphics that will be saved directly to a file.
    At the end, return a dictionary of:
    - type (possible values "string", "number", "dataframe", "plot")
    - value (can be a string, a dataframe or the path of the plot, NOT a dictionary)
    Examples: 
        { "type": "string", "value": f"The highest salary is {highest_salary}." }
        or
        { "type": "number", "value": 125 }
        or
        { "type": "dataframe", "value": pd.DataFrame({...}) }
        or
        { "type": "plot", "value": "C:/Users/Ameer/pandas/maxbyte/interns/sieola/temp_chart.png" }
    """
    df = dfs[0]
    oee_df = df[df.iloc[:, 0] == 'OEE (%)']
    average_oee = oee_df.iloc[:, 1:].mean().values[0]
    return {'type': 'string', 'value': f'The average OEE of Plant 2 is {average_oee}.'}
        ```
2023-11-09 14:13:26 [INFO] Answer: {'type': 'string', 'value': 'The average OEE of Plant 2 is nan.'}
2023-11-09 14:13:26 [INFO] Executed in: 41.29362916946411s
2023-11-09 17:45:20 [INFO] [31m[1mWARNING: This is a development server. Do not use it in a production deployment. Use a production WSGI server instead.[0m
 * Running on http://127.0.0.1:5000
2023-11-09 17:45:20 [INFO] [33mPress CTRL+C to quit[0m
2023-11-09 17:45:20 [INFO]  * Restarting with watchdog (windowsapi)
2023-11-09 17:45:44 [INFO] [31m[1mWARNING: This is a development server. Do not use it in a production deployment. Use a production WSGI server instead.[0m
 * Running on http://127.0.0.1:5000
2023-11-09 17:45:44 [INFO] [33mPress CTRL+C to quit[0m
2023-11-09 17:45:44 [INFO]  * Restarting with watchdog (windowsapi)
